<?xml version="1.0" encoding="UTF-8"?>
<testsuite xmlns:xsi="http://www.w3.org/2001/XMLSchema-instance" xsi:noNamespaceSchemaLocation="https://maven.apache.org/surefire/maven-surefire-plugin/xsd/surefire-test-report-3.0.xsd" version="3.0" name="com.cathayinterview.controller.CurrencyControllerTest" time="8.689" tests="4" errors="0" skipped="0" failures="0">
  <properties>
[...]
</properties>
  <testcase name="Test_getCurrencyByCode" classname="com.cathayinterview.controller.CurrencyControllerTest" time="0.681">
    <system-out><![CDATA[18:01:21.154 [main] DEBUG org.springframework.test.context.junit4.SpringJUnit4ClassRunner - SpringJUnit4ClassRunner constructor called with [class com.cathayinterview.controller.CurrencyControllerTest]
18:01:21.166 [main] DEBUG org.springframework.test.context.BootstrapUtils - Instantiating CacheAwareContextLoaderDelegate from class [org.springframework.test.context.cache.DefaultCacheAwareContextLoaderDelegate]
18:01:21.178 [main] DEBUG org.springframework.test.context.BootstrapUtils - Instantiating BootstrapContext using constructor [public org.springframework.test.context.support.DefaultBootstrapContext(java.lang.Class,org.springframework.test.context.CacheAwareContextLoaderDelegate)]
18:01:21.252 [main] DEBUG org.springframework.test.context.BootstrapUtils - Instantiating TestContextBootstrapper for test class [com.cathayinterview.controller.CurrencyControllerTest] from class [org.springframework.boot.test.context.SpringBootTestContextBootstrapper]
18:01:21.272 [main] INFO org.springframework.boot.test.context.SpringBootTestContextBootstrapper - Neither @ContextConfiguration nor @ContextHierarchy found for test class [com.cathayinterview.controller.CurrencyControllerTest], using SpringBootContextLoader
18:01:21.276 [main] DEBUG org.springframework.test.context.support.AbstractContextLoader - Did not detect default resource location for test class [com.cathayinterview.controller.CurrencyControllerTest]: class path resource [com/cathayinterview/controller/CurrencyControllerTest-context.xml] does not exist
18:01:21.276 [main] DEBUG org.springframework.test.context.support.AbstractContextLoader - Did not detect default resource location for test class [com.cathayinterview.controller.CurrencyControllerTest]: class path resource [com/cathayinterview/controller/CurrencyControllerTestContext.groovy] does not exist
18:01:21.277 [main] INFO org.springframework.test.context.support.AbstractContextLoader - Could not detect default resource locations for test class [com.cathayinterview.controller.CurrencyControllerTest]: no resource found for suffixes {-context.xml, Context.groovy}.
18:01:21.350 [main] DEBUG org.springframework.test.context.support.ActiveProfilesUtils - Could not find an 'annotation declaring class' for annotation type [org.springframework.test.context.ActiveProfiles] and class [com.cathayinterview.controller.CurrencyControllerTest]
18:01:21.514 [main] DEBUG org.springframework.boot.test.context.SpringBootTestContextBootstrapper - @TestExecutionListeners is not present for class [com.cathayinterview.controller.CurrencyControllerTest]: using defaults.
18:01:21.514 [main] INFO org.springframework.boot.test.context.SpringBootTestContextBootstrapper - Loaded default TestExecutionListener class names from location [META-INF/spring.factories]: [org.springframework.boot.test.mock.mockito.MockitoTestExecutionListener, org.springframework.boot.test.mock.mockito.ResetMocksTestExecutionListener, org.springframework.boot.test.autoconfigure.restdocs.RestDocsTestExecutionListener, org.springframework.boot.test.autoconfigure.web.client.MockRestServiceServerResetTestExecutionListener, org.springframework.boot.test.autoconfigure.web.servlet.MockMvcPrintOnlyOnFailureTestExecutionListener, org.springframework.boot.test.autoconfigure.web.servlet.WebDriverTestExecutionListener, org.springframework.boot.test.autoconfigure.webservices.client.MockWebServiceServerTestExecutionListener, org.springframework.test.context.web.ServletTestExecutionListener, org.springframework.test.context.support.DirtiesContextBeforeModesTestExecutionListener, org.springframework.test.context.event.ApplicationEventsTestExecutionListener, org.springframework.test.context.support.DependencyInjectionTestExecutionListener, org.springframework.test.context.support.DirtiesContextTestExecutionListener, org.springframework.test.context.transaction.TransactionalTestExecutionListener, org.springframework.test.context.jdbc.SqlScriptsTestExecutionListener, org.springframework.test.context.event.EventPublishingTestExecutionListener]
18:01:21.536 [main] INFO org.springframework.boot.test.context.SpringBootTestContextBootstrapper - Using TestExecutionListeners: [org.springframework.test.context.web.ServletTestExecutionListener@2df3b89c, org.springframework.test.context.support.DirtiesContextBeforeModesTestExecutionListener@23348b5d, org.springframework.test.context.event.ApplicationEventsTestExecutionListener@70325e14, org.springframework.boot.test.mock.mockito.MockitoTestExecutionListener@37ceb1df, org.springframework.boot.test.autoconfigure.SpringBootDependencyInjectionTestExecutionListener@7c9d8e2, org.springframework.test.context.support.DirtiesContextTestExecutionListener@20d525, org.springframework.test.context.transaction.TransactionalTestExecutionListener@6200f9cb, org.springframework.test.context.jdbc.SqlScriptsTestExecutionListener@2002fc1d, org.springframework.test.context.event.EventPublishingTestExecutionListener@69453e37, org.springframework.boot.test.mock.mockito.ResetMocksTestExecutionListener@6f4a47c7, org.springframework.boot.test.autoconfigure.restdocs.RestDocsTestExecutionListener@ae13544, org.springframework.boot.test.autoconfigure.web.client.MockRestServiceServerResetTestExecutionListener@3d34d211, org.springframework.boot.test.autoconfigure.web.servlet.MockMvcPrintOnlyOnFailureTestExecutionListener@7dc0f706, org.springframework.boot.test.autoconfigure.web.servlet.WebDriverTestExecutionListener@4009e306, org.springframework.boot.test.autoconfigure.webservices.client.MockWebServiceServerTestExecutionListener@43c1b556]
18:01:21.538 [main] DEBUG org.springframework.test.annotation.ProfileValueUtils - Retrieved @ProfileValueSourceConfiguration [null] for test class [com.cathayinterview.controller.CurrencyControllerTest]
18:01:21.539 [main] DEBUG org.springframework.test.annotation.ProfileValueUtils - Retrieved ProfileValueSource type [class org.springframework.test.annotation.SystemProfileValueSource] for class [com.cathayinterview.controller.CurrencyControllerTest]
18:01:21.541 [main] DEBUG org.springframework.test.annotation.ProfileValueUtils - Retrieved @ProfileValueSourceConfiguration [null] for test class [com.cathayinterview.controller.CurrencyControllerTest]
18:01:21.541 [main] DEBUG org.springframework.test.annotation.ProfileValueUtils - Retrieved ProfileValueSource type [class org.springframework.test.annotation.SystemProfileValueSource] for class [com.cathayinterview.controller.CurrencyControllerTest]
18:01:21.542 [main] DEBUG org.springframework.test.annotation.ProfileValueUtils - Retrieved @ProfileValueSourceConfiguration [null] for test class [com.cathayinterview.controller.CurrencyControllerTest]
18:01:21.542 [main] DEBUG org.springframework.test.annotation.ProfileValueUtils - Retrieved ProfileValueSource type [class org.springframework.test.annotation.SystemProfileValueSource] for class [com.cathayinterview.controller.CurrencyControllerTest]
18:01:21.546 [main] DEBUG org.springframework.test.context.support.AbstractDirtiesContextTestExecutionListener - Before test class: context [DefaultTestContext@5b94b04d testClass = CurrencyControllerTest, testInstance = [null], testMethod = [null], testException = [null], mergedContextConfiguration = [WebMergedContextConfiguration@8c3b9d testClass = CurrencyControllerTest, locations = '{}', classes = '{class com.cathayinterview.CathayInterviewApplication}', contextInitializerClasses = '[]', activeProfiles = '{}', propertySourceLocations = '{}', propertySourceProperties = '{org.springframework.boot.test.context.SpringBootTestContextBootstrapper=true}', contextCustomizers = set[org.springframework.boot.test.context.filter.ExcludeFilterContextCustomizer@1dd02175, org.springframework.boot.test.json.DuplicateJsonObjectContextCustomizerFactory$DuplicateJsonObjectContextCustomizer@1176dcec, org.springframework.boot.test.mock.mockito.MockitoContextCustomizer@0, org.springframework.boot.test.web.client.TestRestTemplateContextCustomizer@1e9e725a, org.springframework.boot.test.autoconfigure.actuate.metrics.MetricsExportContextCustomizerFactory$DisableMetricExportContextCustomizer@77be656f, org.springframework.boot.test.autoconfigure.properties.PropertyMappingContextCustomizer@0, org.springframework.boot.test.autoconfigure.web.servlet.WebDriverContextCustomizerFactory$Customizer@4450d156, org.springframework.test.context.web.socket.MockServerContainerContextCustomizer@77e4c80f, org.springframework.boot.test.context.SpringBootTestArgs@1, org.springframework.boot.test.context.SpringBootTestWebEnvironment@74a10858], resourceBasePath = 'src/main/webapp', contextLoader = 'org.springframework.boot.test.context.SpringBootContextLoader', parent = [null]], attributes = map['org.springframework.test.context.web.ServletTestExecutionListener.activateListener' -> true]], class annotated with @DirtiesContext [false] with mode [null].
18:01:21.548 [main] DEBUG org.springframework.test.annotation.ProfileValueUtils - Retrieved @ProfileValueSourceConfiguration [null] for test class [com.cathayinterview.controller.CurrencyControllerTest]
18:01:21.548 [main] DEBUG org.springframework.test.annotation.ProfileValueUtils - Retrieved ProfileValueSource type [class org.springframework.test.annotation.SystemProfileValueSource] for class [com.cathayinterview.controller.CurrencyControllerTest]

  .   ____          _            __ _ _
 /\\ / ___'_ __ _ _(_)_ __  __ _ \ \ \ \
( ( )\___ | '_ | '_| | '_ \/ _` | \ \ \ \
 \\/  ___)| |_)| | | | | || (_| |  ) ) ) )
  '  |____| .__|_| |_|_| |_\__, | / / / /
 =========|_|==============|___/=/_/_/_/
 :: Spring Boot ::                (v2.7.5)

2024-10-27 18:01:21.966  WARN 15915 --- [           main] ory$DuplicateJsonObjectContextCustomizer : 

Found multiple occurrences of org.json.JSONObject on the class path:

	jar:file:/Users/suzihao/.m2/repository/com/vaadin/external/google/android-json/0.0.20131108.vaadin1/android-json-0.0.20131108.vaadin1.jar!/org/json/JSONObject.class
	jar:file:/Users/suzihao/.m2/repository/org/json/json/20240303/json-20240303.jar!/org/json/JSONObject.class

You may wish to exclude one of them to ensure predictable runtime behavior

2024-10-27 18:01:21.996  INFO 15915 --- [           main] c.c.controller.CurrencyControllerTest    : Starting CurrencyControllerTest using Java 1.8.0_292 on suzihaodeMacBook-Air.local with PID 15915 (started by suzihao in /Users/suzihao/Desktop/work/spring_cloud/cathay-interview)
2024-10-27 18:01:21.998  INFO 15915 --- [           main] c.c.controller.CurrencyControllerTest    : No active profile set, falling back to 1 default profile: "default"
2024-10-27 18:01:23.100  INFO 15915 --- [           main] .s.d.r.c.RepositoryConfigurationDelegate : Bootstrapping Spring Data JPA repositories in DEFAULT mode.
2024-10-27 18:01:23.169  INFO 15915 --- [           main] .s.d.r.c.RepositoryConfigurationDelegate : Finished Spring Data repository scanning in 56 ms. Found 1 JPA repository interfaces.
2024-10-27 18:01:23.924  INFO 15915 --- [           main] com.zaxxer.hikari.HikariDataSource       : HikariPool-1 - Starting...
2024-10-27 18:01:24.345  INFO 15915 --- [           main] com.zaxxer.hikari.HikariDataSource       : HikariPool-1 - Start completed.
2024-10-27 18:01:24.730  INFO 15915 --- [           main] o.hibernate.jpa.internal.util.LogHelper  : HHH000204: Processing PersistenceUnitInfo [name: default]
2024-10-27 18:01:24.829  INFO 15915 --- [           main] org.hibernate.Version                    : HHH000412: Hibernate ORM core version 5.6.12.Final
2024-10-27 18:01:25.168  INFO 15915 --- [           main] o.hibernate.annotations.common.Version   : HCANN000001: Hibernate Commons Annotations {5.1.2.Final}
2024-10-27 18:01:25.364  INFO 15915 --- [           main] org.hibernate.dialect.Dialect            : HHH000400: Using dialect: org.hibernate.dialect.H2Dialect
2024-10-27 18:01:26.474  INFO 15915 --- [           main] o.h.e.t.j.p.i.JtaPlatformInitiator       : HHH000490: Using JtaPlatform implementation: [org.hibernate.engine.transaction.jta.platform.internal.NoJtaPlatform]
2024-10-27 18:01:26.490  INFO 15915 --- [           main] j.LocalContainerEntityManagerFactoryBean : Initialized JPA EntityManagerFactory for persistence unit 'default'
2024-10-27 18:01:27.751  WARN 15915 --- [           main] JpaBaseConfiguration$JpaWebConfiguration : spring.jpa.open-in-view is enabled by default. Therefore, database queries may be performed during view rendering. Explicitly configure spring.jpa.open-in-view to disable this warning
2024-10-27 18:01:28.015  INFO 15915 --- [           main] o.s.b.a.h2.H2ConsoleAutoConfiguration    : H2 console available at '/h2-console'. Database available at 'jdbc:h2:mem:cathaydb'
2024-10-27 18:01:28.489  INFO 15915 --- [           main] c.c.controller.CurrencyControllerTest    : Started CurrencyControllerTest in 6.908 seconds (JVM running for 8.043)
2024-10-27 18:01:28.548  INFO 15915 --- [           main] o.s.b.t.m.w.SpringBootMockServletContext : Initializing Spring TestDispatcherServlet ''
2024-10-27 18:01:28.549  INFO 15915 --- [           main] o.s.t.web.servlet.TestDispatcherServlet  : Initializing Servlet ''
2024-10-27 18:01:28.551  INFO 15915 --- [           main] o.s.t.web.servlet.TestDispatcherServlet  : Completed initialization in 2 ms

MockHttpServletRequest:
      HTTP Method = GET
      Request URI = /api/currency/USD
       Parameters = {}
          Headers = [Accept:"application/json"]
             Body = <no character encoding set>
    Session Attrs = {}

Handler:
             Type = com.cathayinterview.controller.CurrencyController
           Method = com.cathayinterview.controller.CurrencyController#getCurrencyByCode(String)

Async:
    Async started = false
     Async result = null

Resolved Exception:
             Type = null

ModelAndView:
        View name = null
             View = null
            Model = null

FlashMap:
       Attributes = null

MockHttpServletResponse:
           Status = 200
    Error message = null
          Headers = [Content-Type:"application/json", Content-Length:"120"]
     Content type = application/json
             Body = CurrencyEntity(c_id=3, code=USD, symbol=&#36;, rate=66,986.431, description=United States Dollar, rate_float=66986.4305)
    Forwarded URL = null
   Redirected URL = null
          Cookies = []
]]></system-out>
  </testcase>
  <testcase name="Test_updateCurrencyByCode" classname="com.cathayinterview.controller.CurrencyControllerTest" time="0.207">
    <system-out><![CDATA[2024-10-27 18:01:29.236  INFO 15915 --- [           main] o.s.b.t.m.w.SpringBootMockServletContext : Initializing Spring TestDispatcherServlet ''
2024-10-27 18:01:29.237  INFO 15915 --- [           main] o.s.t.web.servlet.TestDispatcherServlet  : Initializing Servlet ''
2024-10-27 18:01:29.238  INFO 15915 --- [           main] o.s.t.web.servlet.TestDispatcherServlet  : Completed initialization in 1 ms

MockHttpServletRequest:
      HTTP Method = GET
      Request URI = /api/currency/USD
       Parameters = {}
          Headers = [Accept:"application/json"]
             Body = <no character encoding set>
    Session Attrs = {}

Handler:
             Type = com.cathayinterview.controller.CurrencyController
           Method = com.cathayinterview.controller.CurrencyController#getCurrencyByCode(String)

Async:
    Async started = false
     Async result = null

Resolved Exception:
             Type = null

ModelAndView:
        View name = null
             View = null
            Model = null

FlashMap:
       Attributes = null

MockHttpServletResponse:
           Status = 200
    Error message = null
          Headers = [Content-Type:"application/json", Content-Length:"122"]
     Content type = application/json
             Body = CurrencyEntity(c_id=3, code=USD, symbol=test update, rate=123456, description=this is an update test, rate_float=123456.0)
    Forwarded URL = null
   Redirected URL = null
          Cookies = []
]]></system-out>
  </testcase>
  <testcase name="Test_deleteCurrencyByCode" classname="com.cathayinterview.controller.CurrencyControllerTest" time="0.049">
    <system-out><![CDATA[2024-10-27 18:01:29.440  INFO 15915 --- [           main] o.s.b.t.m.w.SpringBootMockServletContext : Initializing Spring TestDispatcherServlet ''
2024-10-27 18:01:29.441  INFO 15915 --- [           main] o.s.t.web.servlet.TestDispatcherServlet  : Initializing Servlet ''
2024-10-27 18:01:29.442  INFO 15915 --- [           main] o.s.t.web.servlet.TestDispatcherServlet  : Completed initialization in 1 ms

MockHttpServletRequest:
      HTTP Method = GET
      Request URI = /api/currency/USD
       Parameters = {}
          Headers = [Accept:"application/json"]
             Body = <no character encoding set>
    Session Attrs = {}

Handler:
             Type = com.cathayinterview.controller.CurrencyController
           Method = com.cathayinterview.controller.CurrencyController#getCurrencyByCode(String)

Async:
    Async started = false
     Async result = null

Resolved Exception:
             Type = null

ModelAndView:
        View name = null
             View = null
            Model = null

FlashMap:
       Attributes = null

MockHttpServletResponse:
           Status = 200
    Error message = null
          Headers = [Content-Type:"application/json", Content-Length:"18"]
     Content type = application/json
             Body = currency not found
    Forwarded URL = null
   Redirected URL = null
          Cookies = []
]]></system-out>
  </testcase>
  <testcase name="Test_addNewCurrency" classname="com.cathayinterview.controller.CurrencyControllerTest" time="0.031">
    <system-out><![CDATA[2024-10-27 18:01:29.481  INFO 15915 --- [           main] o.s.b.t.m.w.SpringBootMockServletContext : Initializing Spring TestDispatcherServlet ''
2024-10-27 18:01:29.482  INFO 15915 --- [           main] o.s.t.web.servlet.TestDispatcherServlet  : Initializing Servlet ''
2024-10-27 18:01:29.483  INFO 15915 --- [           main] o.s.t.web.servlet.TestDispatcherServlet  : Completed initialization in 1 ms

MockHttpServletRequest:
      HTTP Method = GET
      Request URI = /api/currency/TST
       Parameters = {}
          Headers = [Accept:"application/json"]
             Body = <no character encoding set>
    Session Attrs = {}

Handler:
             Type = com.cathayinterview.controller.CurrencyController
           Method = com.cathayinterview.controller.CurrencyController#getCurrencyByCode(String)

Async:
    Async started = false
     Async result = null

Resolved Exception:
             Type = null

ModelAndView:
        View name = null
             View = null
            Model = null

FlashMap:
       Attributes = null

MockHttpServletResponse:
           Status = 200
    Error message = null
          Headers = [Content-Type:"application/json", Content-Length:"112"]
     Content type = application/json
             Body = CurrencyEntity(c_id=4, code=TST, symbol=test, rate=123456, description=this is an add test, rate_float=123456.0)
    Forwarded URL = null
   Redirected URL = null
          Cookies = []
]]></system-out>
  </testcase>
</testsuite>