<?xml version="1.0" encoding="UTF-8"?>
<testsuite xmlns:xsi="http://www.w3.org/2001/XMLSchema-instance" xsi:noNamespaceSchemaLocation="https://maven.apache.org/surefire/maven-surefire-plugin/xsd/surefire-test-report-3.0.xsd" version="3.0" name="com.cathayinterview.controller.CoindeckControllerTest" time="1.01" tests="2" errors="0" skipped="0" failures="0">
  <properties>
[...]
</properties>
  <testcase name="Test_getOriginalCoindeckInfo" classname="com.cathayinterview.controller.CoindeckControllerTest" time="0.928">
    <system-out><![CDATA[2024-10-27 18:01:29.538  INFO 15915 --- [           main] .b.t.c.SpringBootTestContextBootstrapper : Neither @ContextConfiguration nor @ContextHierarchy found for test class [com.cathayinterview.controller.CoindeckControllerTest], using SpringBootContextLoader
2024-10-27 18:01:29.541  INFO 15915 --- [           main] o.s.t.c.support.AbstractContextLoader    : Could not detect default resource locations for test class [com.cathayinterview.controller.CoindeckControllerTest]: no resource found for suffixes {-context.xml, Context.groovy}.
2024-10-27 18:01:29.552  INFO 15915 --- [           main] .b.t.c.SpringBootTestContextBootstrapper : Loaded default TestExecutionListener class names from location [META-INF/spring.factories]: [org.springframework.boot.test.mock.mockito.MockitoTestExecutionListener, org.springframework.boot.test.mock.mockito.ResetMocksTestExecutionListener, org.springframework.boot.test.autoconfigure.restdocs.RestDocsTestExecutionListener, org.springframework.boot.test.autoconfigure.web.client.MockRestServiceServerResetTestExecutionListener, org.springframework.boot.test.autoconfigure.web.servlet.MockMvcPrintOnlyOnFailureTestExecutionListener, org.springframework.boot.test.autoconfigure.web.servlet.WebDriverTestExecutionListener, org.springframework.boot.test.autoconfigure.webservices.client.MockWebServiceServerTestExecutionListener, org.springframework.test.context.web.ServletTestExecutionListener, org.springframework.test.context.support.DirtiesContextBeforeModesTestExecutionListener, org.springframework.test.context.event.ApplicationEventsTestExecutionListener, org.springframework.test.context.support.DependencyInjectionTestExecutionListener, org.springframework.test.context.support.DirtiesContextTestExecutionListener, org.springframework.test.context.transaction.TransactionalTestExecutionListener, org.springframework.test.context.jdbc.SqlScriptsTestExecutionListener, org.springframework.test.context.event.EventPublishingTestExecutionListener]
2024-10-27 18:01:29.552  INFO 15915 --- [           main] .b.t.c.SpringBootTestContextBootstrapper : Using TestExecutionListeners: [org.springframework.test.context.web.ServletTestExecutionListener@77e6761f, org.springframework.test.context.support.DirtiesContextBeforeModesTestExecutionListener@5c997de8, org.springframework.test.context.event.ApplicationEventsTestExecutionListener@45bf93bb, org.springframework.boot.test.mock.mockito.MockitoTestExecutionListener@6b7c4734, org.springframework.boot.test.autoconfigure.SpringBootDependencyInjectionTestExecutionListener@2f6e92ca, org.springframework.test.context.support.DirtiesContextTestExecutionListener@380fdcf2, org.springframework.test.context.transaction.TransactionalTestExecutionListener@114b203, org.springframework.test.context.jdbc.SqlScriptsTestExecutionListener@8d810f2, org.springframework.test.context.event.EventPublishingTestExecutionListener@537b3be1, org.springframework.boot.test.mock.mockito.ResetMocksTestExecutionListener@15d58530, org.springframework.boot.test.autoconfigure.restdocs.RestDocsTestExecutionListener@31f5b923, org.springframework.boot.test.autoconfigure.web.client.MockRestServiceServerResetTestExecutionListener@79e2606f, org.springframework.boot.test.autoconfigure.web.servlet.MockMvcPrintOnlyOnFailureTestExecutionListener@734cf881, org.springframework.boot.test.autoconfigure.web.servlet.WebDriverTestExecutionListener@4a890fdd, org.springframework.boot.test.autoconfigure.webservices.client.MockWebServiceServerTestExecutionListener@56299b0e]
2024-10-27 18:01:29.558  INFO 15915 --- [           main] o.s.b.t.m.w.SpringBootMockServletContext : Initializing Spring TestDispatcherServlet ''
2024-10-27 18:01:29.559  INFO 15915 --- [           main] o.s.t.web.servlet.TestDispatcherServlet  : Initializing Servlet ''
2024-10-27 18:01:29.563  INFO 15915 --- [           main] o.s.t.web.servlet.TestDispatcherServlet  : Completed initialization in 4 ms

MockHttpServletRequest:
      HTTP Method = GET
      Request URI = /api/coindeck/original
       Parameters = {}
          Headers = [Accept:"application/json"]
             Body = <no character encoding set>
    Session Attrs = {}

Handler:
             Type = com.cathayinterview.controller.CoindeckController
           Method = com.cathayinterview.controller.CoindeckController#getOriginalCoindeckInfo()

Async:
    Async started = false
     Async result = null

Resolved Exception:
             Type = null

ModelAndView:
        View name = null
             View = null
            Model = null

FlashMap:
       Attributes = null

MockHttpServletResponse:
           Status = 200
    Error message = null
          Headers = [Content-Type:"application/json", Content-Length:"671"]
     Content type = application/json
             Body = {"time":{"updated":"Oct 27, 2024 10:01:28 UTC","updatedISO":"2024-10-27T10:01:28+00:00","updateduk":"Oct 27, 2024 at 10:01 GMT"},"disclaimer":"This data was produced from the CoinDesk Bitcoin Price Index (USD). Non-USD currency data converted using hourly conversion rate from openexchangerates.org","chartName":"Bitcoin","bpi":{"USD":{"code":"USD","symbol":"&#36;","rate":"67,092.282","description":"United States Dollar","rate_float":67092.2824},"GBP":{"code":"GBP","symbol":"&pound;","rate":"51,764.715","description":"British Pound Sterling","rate_float":51764.715},"EUR":{"code":"EUR","symbol":"&euro;","rate":"62,119","description":"Euro","rate_float":62118.9999}}}
    Forwarded URL = null
   Redirected URL = null
          Cookies = []
]]></system-out>
  </testcase>
  <testcase name="Test_getNewCoindeckInfo" classname="com.cathayinterview.controller.CoindeckControllerTest" time="0.064">
    <system-out><![CDATA[2024-10-27 18:01:30.551  INFO 15915 --- [           main] o.s.b.t.m.w.SpringBootMockServletContext : Initializing Spring TestDispatcherServlet ''
2024-10-27 18:01:30.551  INFO 15915 --- [           main] o.s.t.web.servlet.TestDispatcherServlet  : Initializing Servlet ''
2024-10-27 18:01:30.552  INFO 15915 --- [           main] o.s.t.web.servlet.TestDispatcherServlet  : Completed initialization in 1 ms

MockHttpServletRequest:
      HTTP Method = GET
      Request URI = /api/coindeck/modified
       Parameters = {}
          Headers = [Accept:"application/json;charset=UTF-8"]
             Body = <no character encoding set>
    Session Attrs = {}

Handler:
             Type = com.cathayinterview.controller.CoindeckController
           Method = com.cathayinterview.controller.CoindeckController#getNewCoindeckInfo()

Async:
    Async started = false
     Async result = null

Resolved Exception:
             Type = null

ModelAndView:
        View name = null
             View = null
            Model = null

FlashMap:
       Attributes = null

MockHttpServletResponse:
           Status = 200
    Error message = null
          Headers = [Content-Type:"application/json;charset=UTF-8", Content-Length:"228"]
     Content type = application/json;charset=UTF-8
             Body = {"bpi":{"EUR":{"code":"EUR","rate":"62,119","codeChinese":"歐元"},"GBP":{"code":"GBP","rate":"51,764.715","codeChinese":"英鎊"},"USD":{"code":"USD","rate":"67,092.282","codeChinese":"美元"}},"time":"2024\/10\/27 10:01:28"}
    Forwarded URL = null
   Redirected URL = null
          Cookies = []
]]></system-out>
  </testcase>
</testsuite>